This is pdfeTeXk, Version 3.141592-1.21a-2.2 (Web2C 7.5.4) (format=pdflatex 2011.8.6)  22 APR 2012 17:15
entering extended mode
 file:line:error style messages enabled.
**\input manual.tex
(./manual.tex (/sw/share/texmf-dist/tex/latex/base/article.cls
Document Class: article 2004/02/16 v1.4f Standard LaTeX document class
(/sw/share/texmf-dist/tex/latex/base/size10.clo
File: size10.clo 2004/02/16 v1.4f Standard LaTeX file (size option)
)
\c@part=\count79
\c@section=\count80
\c@subsection=\count81
\c@subsubsection=\count82
\c@paragraph=\count83
\c@subparagraph=\count84
\c@figure=\count85
\c@table=\count86
\abovecaptionskip=\skip41
\belowcaptionskip=\skip42
\bibindent=\dimen102
)
(/sw/share/texmf-dist/tex/latex/relsize/relsize.sty
Package: relsize 2003/07/04 ver 3.1
)
(/sw/share/texmf-dist/tex/latex/tools/verbatim.sty
Package: verbatim 2003/08/22 v1.5q LaTeX2e package for verbatim enhancements
\every@verbatim=\toks14
\verbatim@line=\toks15
\verbatim@in@stream=\read1
) (./manual.aux)
\openout1 = `manual.aux'.

LaTeX Font Info:    Checking defaults for OML/cmm/m/it on input line 9.
LaTeX Font Info:    ... okay on input line 9.
LaTeX Font Info:    Checking defaults for T1/cmr/m/n on input line 9.
LaTeX Font Info:    ... okay on input line 9.
LaTeX Font Info:    Checking defaults for OT1/cmr/m/n on input line 9.
LaTeX Font Info:    ... okay on input line 9.
LaTeX Font Info:    Checking defaults for OMS/cmsy/m/n on input line 9.
LaTeX Font Info:    ... okay on input line 9.
LaTeX Font Info:    Checking defaults for OMX/cmex/m/n on input line 9.
LaTeX Font Info:    ... okay on input line 9.
LaTeX Font Info:    Checking defaults for U/cmr/m/n on input line 9.
LaTeX Font Info:    ... okay on input line 9.
LaTeX Font Info:    External font `cmex10' loaded for size
(Font)              <12> on input line 10.
LaTeX Font Info:    External font `cmex10' loaded for size
(Font)              <8> on input line 10.
LaTeX Font Info:    External font `cmex10' loaded for size
(Font)              <6> on input line 10.


LaTeX Warning: Citation `SeDuMi' on page 1 undefined on input line 12.


LaTeX Warning: Citation `SDPT3' on page 1 undefined on input line 12.


Overfull \hbox (13.824pt too wide) in paragraph at lines 15--16
\OT1/cmr/m/n/10 The class \OT1/cmtt/m/n/10 msspoly \OT1/cmr/m/n/10 stores and m
a-nip-u-lates mul-ti-var-tie ma-trix poly-no-mi-als. \OT1/cmtt/m/n/10 msspoly
 []


Overfull \hbox (12.44215pt too wide) in paragraph at lines 28--29
[]\OT1/cmr/m/n/10 Arithmetic: \OT1/cmtt/m/n/10 diag, imag, minus, mpower, mtime
s, plus, power, real,
 []


Overfull \hbox (9.08153pt too wide) in paragraph at lines 29--30
[]\OT1/cmr/m/n/10 Array Ma-nip-u-la-tion: \OT1/cmtt/m/n/10 ctranspose, horzcat,
 isempty, length, repmat,
 []

[1

{/sw/var/lib/texmf/fonts/map/pdftex/updmap/pdftex.map}] (./manual.aux)

LaTeX Warning: There were undefined references.

 ) 
Here is how much of TeX's memory you used:
 322 strings out of 94500
 3675 string characters out of 1176115
 50348 words of memory out of 1500000
 3554 multiletter control sequences out of 10000+50000
 8224 words of font info for 30 fonts, out of 1200000 for 2000
 580 hyphenation exceptions out of 8191
 23i,6n,19p,666b,186s stack positions out of 5000i,500n,6000p,200000b,5000s
PDF statistics:
 31 PDF objects out of 65536
 0 named destinations out of 20000
 1 words of extra memory for PDF output out of 65536
</sw/share/texmf-dist/fonts/type1/bluesky/cm/cmtt10.pfb></sw/share/texmf-dist
/fonts/type1/bluesky/cm/cmr10.pfb></sw/share/texmf-dist/fonts/type1/bluesky/cm/
cmtt12.pfb></sw/share/texmf-dist/fonts/type1/bluesky/cm/cmbx12.pfb></sw/share/t
exmf-dist/fonts/type1/bluesky/cm/cmr7.pfb></sw/share/texmf-dist/fonts/type1/blu
esky/cm/cmr9.pfb></sw/share/texmf-dist/fonts/type1/bluesky/cm/cmbx9.pfb></sw/sh
are/texmf-dist/fonts/type1/bluesky/cm/cmr12.pfb></sw/share/texmf-dist/fonts/typ
e1/bluesky/cm/cmr17.pfb>
Output written on manual.pdf (1 page, 54976 bytes).
